<?xml version="1.0" encoding="UTF-8"?>
<!-- Generated by org.testng.reporters.JUnitReportReporter -->
<testsuite hostname="LAPTOP-V4K2H45Q" name="TestNGRetryer.TestPass" tests="1" failures="0" timestamp="29 Apr 2019 15:17:19 GMT" time="0.003" errors="0">
  <testcase name="pass" time="0.003" classname="TestNGRetryer.TestPass"/>
</testsuite> <!-- TestNGRetryer.TestPass -->
