<?xml version="1.0" encoding="UTF-8"?>
<!-- Generated by org.testng.reporters.JUnitReportReporter -->
<testsuite hostname="LAPTOP-V4K2H45Q" name="TestNGP.ParallelExecution" tests="3" failures="0" timestamp="15 May 2019 06:43:34 GMT" time="50.313" errors="0">
  <testcase name="getTitle" time="20.258" classname="TestNGP.ParallelExecution"/>
  <testcase name="getTitle" time="14.435" classname="TestNGP.ParallelExecution"/>
  <testcase name="getTitle" time="15.620" classname="TestNGP.ParallelExecution"/>
</testsuite> <!-- TestNGP.ParallelExecution -->
