<?xml version="1.0" encoding="UTF-8"?>
<!-- Generated by org.testng.reporters.JUnitReportReporter -->
<testsuite hostname="LAPTOP-V4K2H45Q" name="TestNGRetryer.TestFail" tests="1" failures="0" timestamp="29 Apr 2019 15:28:43 GMT" time="0.010" errors="0">
  <testcase name="fail" time="0.010" classname="TestNGRetryer.TestFail"/>
</testsuite> <!-- TestNGRetryer.TestFail -->
