<?xml version="1.0" encoding="UTF-8"?>
<!-- Generated by org.testng.reporters.JUnitReportReporter -->
<testsuite hostname="LAPTOP-V4K2H45Q" name="TestNGP.Groups" tests="2" failures="0" timestamp="27 Apr 2019 12:06:09 GMT" time="0.020" errors="0">
  <testcase name="test1" time="0.018" classname="TestNGP.Groups"/>
  <testcase name="test3" time="0.002" classname="TestNGP.Groups"/>
</testsuite> <!-- TestNGP.Groups -->
