<?xml version="1.0" encoding="UTF-8"?>
<!-- Generated by org.testng.reporters.JUnitReportReporter -->
<testsuite hostname="LAPTOP-V4K2H45Q" name="TestNGP.DataproviderDemo" tests="2" failures="0" timestamp="26 Apr 2019 06:20:09 GMT" time="0.021" errors="0">
  <testcase name="test1" time="0.018" classname="TestNGP.DataproviderDemo"/>
  <testcase name="test1" time="0.003" classname="TestNGP.DataproviderDemo"/>
</testsuite> <!-- TestNGP.DataproviderDemo -->
